e:\computer science\projects\pacman_ai\pacman_ai\debug\vc120.pdb
e:\computer science\projects\pacman_ai\pacman_ai\debug\vc120.idb
e:\computer science\projects\pacman_ai\pacman_ai\debug\collision.obj
e:\computer science\projects\pacman_ai\pacman_ai\debug\display.obj
e:\computer science\projects\pacman_ai\pacman_ai\debug\gameobject.obj
e:\computer science\projects\pacman_ai\pacman_ai\debug\move.obj
e:\computer science\projects\pacman_ai\pacman_ai\debug\pacman.obj
e:\computer science\projects\pacman_ai\pacman_ai\debug\monster.obj
e:\computer science\projects\pacman_ai\pacman_ai\debug\collision.i
e:\computer science\projects\pacman_ai\pacman_ai\debug\display.i
e:\computer science\projects\pacman_ai\pacman_ai\debug\gameobject.i
e:\computer science\projects\pacman_ai\pacman_ai\debug\initializer.i
e:\computer science\projects\pacman_ai\pacman_ai\debug\main.i
e:\computer science\projects\pacman_ai\pacman_ai\debug\mesh.i
e:\computer science\projects\pacman_ai\pacman_ai\debug\monster.i
e:\computer science\projects\pacman_ai\pacman_ai\debug\move.i
e:\computer science\projects\pacman_ai\pacman_ai\debug\pacman.i
e:\computer science\projects\pacman_ai\pacman_ai\debug\shader.i
e:\computer science\projects\pacman_ai\pacman_ai\display.i
e:\computer science\projects\pacman_ai\pacman_ai\gameobject.i
e:\computer science\projects\pacman_ai\pacman_ai\initializer.i
e:\computer science\projects\pacman_ai\pacman_ai\mesh.i
e:\computer science\projects\pacman_ai\pacman_ai\monster.i
e:\computer science\projects\pacman_ai\pacman_ai\move.i
e:\computer science\projects\pacman_ai\pacman_ai\pacman.i
e:\computer science\projects\pacman_ai\pacman_ai\shader.i
e:\computer science\projects\pacman_ai\pacman_ai\debug\pacman_ai.tlog\cl.command.1.tlog
e:\computer science\projects\pacman_ai\pacman_ai\debug\pacman_ai.tlog\cl.read.1.tlog
e:\computer science\projects\pacman_ai\pacman_ai\debug\pacman_ai.tlog\cl.write.1.tlog
